<?xml version="1.0" encoding="UTF-8"?>
<!-- Generated by org.testng.reporters.JUnitReportReporter -->
<testsuite hostname="DESKTOP-J2DF5TC" failures="0" tests="1" name="com.zhuka.purcchaseorder.CreatePurchaseTest" time="5.846" errors="0" timestamp="2021-09-14T17:20:42 IST" skipped="0">
  <testcase classname="com.zhuka.purcchaseorder.CreatePurchaseTest" name="purchase" time="5.846"/>
  <system-out>
    <![CDATA[Home Pageis displayed,pass]]>
  </system-out>
</testsuite> <!-- com.zhuka.purcchaseorder.CreatePurchaseTest -->
